<?xml version="1.0" encoding="UTF-8" standalone="no"?>
<testsuite failures="0" name="cucumber.runtime.formatter.JUnitFormatter" skipped="0" tests="1" time="0">
<testcase classname="CVS Signin feature" name="CVS signin test scenario" time="0">
<system-out><![CDATA[Given User is already on Home page..........................................skipped
When title of  signin page..................................................skipped
Then user click on signin link..............................................skipped
Then user enters username and password......................................skipped
Then user click on signin button............................................skipped
Then user is successfully signed in.........................................skipped
Then close the browser......................................................skipped
]]></system-out>
</testcase>
</testsuite>
